0 info it worked if it ends with ok
1 verbose cli [ '/usr/local/bin/node',
1 verbose cli   '/usr/local/bin/npm',
1 verbose cli   'i',
1 verbose cli   'postgres',
1 verbose cli   '-g' ]
2 info using npm@3.10.10
3 info using node@v7.2.1
4 silly loadCurrentTree Starting
5 silly install loadCurrentTree
6 silly install readGlobalPackageData
7 silly fetchPackageMetaData postgres
8 silly fetchNamedPackageData postgres
9 silly mapToRegistry name postgres
10 silly mapToRegistry using default registry
11 silly mapToRegistry registry https://registry.npmjs.org/
12 silly mapToRegistry data Result {
12 silly mapToRegistry   raw: 'postgres',
12 silly mapToRegistry   scope: null,
12 silly mapToRegistry   escapedName: 'postgres',
12 silly mapToRegistry   name: 'postgres',
12 silly mapToRegistry   rawSpec: '',
12 silly mapToRegistry   spec: 'latest',
12 silly mapToRegistry   type: 'tag' }
13 silly mapToRegistry uri https://registry.npmjs.org/postgres
14 verbose request uri https://registry.npmjs.org/postgres
15 verbose request no auth needed
16 info attempt registry request try #1 at 4:25:04 PM
17 verbose request id 4ae96821a5059638
18 verbose etag W/"4ac2421d-304"
19 verbose lastModified Tue, 29 Sep 2009 17:21:33 GMT
20 http request GET https://registry.npmjs.org/postgres
21 http 304 https://registry.npmjs.org/postgres
22 verbose headers { date: 'Thu, 15 Dec 2016 00:25:04 GMT',
22 verbose headers   via: '1.1 varnish',
22 verbose headers   'cache-control': 'max-age=300',
22 verbose headers   etag: 'W/"4ac2421d-304"',
22 verbose headers   age: '0',
22 verbose headers   connection: 'keep-alive',
22 verbose headers   'x-served-by': 'cache-sea1924-SEA',
22 verbose headers   'x-cache': 'MISS',
22 verbose headers   'x-cache-hits': '0',
22 verbose headers   'x-timer': 'S1481761504.545147,VS0,VE9',
22 verbose headers   vary: 'Accept-Encoding' }
23 silly get cb [ 304,
23 silly get   { date: 'Thu, 15 Dec 2016 00:25:04 GMT',
23 silly get     via: '1.1 varnish',
23 silly get     'cache-control': 'max-age=300',
23 silly get     etag: 'W/"4ac2421d-304"',
23 silly get     age: '0',
23 silly get     connection: 'keep-alive',
23 silly get     'x-served-by': 'cache-sea1924-SEA',
23 silly get     'x-cache': 'MISS',
23 silly get     'x-cache-hits': '0',
23 silly get     'x-timer': 'S1481761504.545147,VS0,VE9',
23 silly get     vary: 'Accept-Encoding' } ]
24 verbose etag https://registry.npmjs.org/postgres from cache
25 verbose get saving postgres to /Users/rosehip/.npm/registry.npmjs.org/postgres/.cache.json
26 verbose correctMkdir /Users/rosehip/.npm correctMkdir not in flight; initializing
27 silly install normalizeTree
28 silly loadCurrentTree Finishing
29 silly loadIdealTree Starting
30 silly install loadIdealTree
31 silly cloneCurrentTree Starting
32 silly install cloneCurrentTreeToIdealTree
33 silly cloneCurrentTree Finishing
34 silly loadShrinkwrap Starting
35 silly install loadShrinkwrap
36 silly loadShrinkwrap Finishing
37 silly loadAllDepsIntoIdealTree Starting
38 silly install loadAllDepsIntoIdealTree
39 silly resolveWithNewModule postgres@0.0.1 checking installable status
40 silly cache add args [ 'postgres', null ]
41 verbose cache add spec postgres
42 silly cache add parsed spec Result {
42 silly cache add   raw: 'postgres',
42 silly cache add   scope: null,
42 silly cache add   escapedName: 'postgres',
42 silly cache add   name: 'postgres',
42 silly cache add   rawSpec: '',
42 silly cache add   spec: 'latest',
42 silly cache add   type: 'tag' }
43 silly addNamed postgres@latest
44 verbose addNamed "latest" is being treated as a dist-tag for postgres
45 info addNameTag [ 'postgres', 'latest' ]
46 silly mapToRegistry name postgres
47 silly mapToRegistry using default registry
48 silly mapToRegistry registry https://registry.npmjs.org/
49 silly mapToRegistry data Result {
49 silly mapToRegistry   raw: 'postgres',
49 silly mapToRegistry   scope: null,
49 silly mapToRegistry   escapedName: 'postgres',
49 silly mapToRegistry   name: 'postgres',
49 silly mapToRegistry   rawSpec: '',
49 silly mapToRegistry   spec: 'latest',
49 silly mapToRegistry   type: 'tag' }
50 silly mapToRegistry uri https://registry.npmjs.org/postgres
51 verbose addNameTag registry:https://registry.npmjs.org/postgres not in flight; fetching
52 verbose get https://registry.npmjs.org/postgres not expired, no request
53 silly addNameTag next cb for postgres with tag latest
54 silly addNamed postgres@0.0.1
55 verbose addNamed "0.0.1" is a plain semver version for postgres
56 silly cache afterAdd postgres@0.0.1
57 verbose afterAdd /Users/rosehip/.npm/postgres/0.0.1/package/package.json not in flight; writing
58 verbose correctMkdir /Users/rosehip/.npm correctMkdir not in flight; initializing
59 verbose afterAdd /Users/rosehip/.npm/postgres/0.0.1/package/package.json written
60 silly loadAllDepsIntoIdealTree Finishing
61 silly loadIdealTree Finishing
62 silly currentTree lib
63 silly idealTree lib
63 silly idealTree └── postgres@0.0.1
64 silly generateActionsToTake Starting
65 silly install generateActionsToTake
66 silly generateActionsToTake Finishing
67 silly diffTrees action count 1
68 silly diffTrees add postgres@0.0.1
69 silly decomposeActions action count 8
70 silly decomposeActions fetch postgres@0.0.1
71 silly decomposeActions extract postgres@0.0.1
72 silly decomposeActions test postgres@0.0.1
73 silly decomposeActions preinstall postgres@0.0.1
74 silly decomposeActions build postgres@0.0.1
75 silly decomposeActions install postgres@0.0.1
76 silly decomposeActions postinstall postgres@0.0.1
77 silly decomposeActions finalize postgres@0.0.1
78 silly runTopLevelLifecycles Starting
79 silly executeActions Starting
80 silly install executeActions
81 silly doSerial global-install 0
82 silly doParallel fetch 1
83 verbose correctMkdir /Users/rosehip/.npm/_locks correctMkdir not in flight; initializing
84 verbose lock using /Users/rosehip/.npm/_locks/staging-3a08f0df5026584d.lock for /usr/local/lib/node_modules/.staging
85 silly doParallel extract 1
86 silly extract postgres@0.0.1
87 verbose unbuild lib/node_modules/.staging/postgres-f8e30b12
88 silly gentlyRm /usr/local/lib/node_modules/.staging/postgres-f8e30b12 is being purged from base /usr/local
89 verbose gentlyRm don't care about contents; nuking /usr/local/lib/node_modules/.staging/postgres-f8e30b12
90 verbose tar unpack /Users/rosehip/.npm/postgres/0.0.1/package.tgz
91 verbose tar unpacking to /usr/local/lib/node_modules/.staging/postgres-f8e30b12
92 silly gentlyRm /usr/local/lib/node_modules/.staging/postgres-f8e30b12 is being purged
93 verbose gentlyRm don't care about contents; nuking /usr/local/lib/node_modules/.staging/postgres-f8e30b12
94 silly gunzTarPerm modes [ '755', '644' ]
95 silly gunzTarPerm extractEntry
96 silly gunzTarPerm extractEntry .gitignore
97 silly gunzTarPerm extractEntry ._.npmignore
98 silly gunzTarPerm extractEntry .npmignore
99 silly gunzTarPerm extractEntry binding.cc
100 silly gunzTarPerm extractEntry LICENSE-MIT
101 silly gunzTarPerm extractEntry ._package.json
102 silly gunzTarPerm extractEntry package.json
103 silly gunzTarPerm extractEntry postgres.js
104 silly gunzTarPerm extractEntry README
105 silly gunzTarPerm extractEntry test.js
106 silly gunzTarPerm extractEntry type-oids.h
107 silly gunzTarPerm extractEntry wscript
108 silly gentlyRm /usr/local/lib/node_modules/.staging/postgres-f8e30b12/node_modules is being purged
109 verbose gentlyRm don't care about contents; nuking /usr/local/lib/node_modules/.staging/postgres-f8e30b12/node_modules
110 silly doParallel preinstall 1
111 silly preinstall postgres@0.0.1 /usr/local/lib/node_modules/.staging/postgres-f8e30b12
112 info lifecycle postgres@0.0.1~preinstall: postgres@0.0.1
113 silly lifecycle postgres@0.0.1~preinstall: no script for preinstall, continuing
114 silly doReverseSerial remove 0
115 silly doSerial move 0
116 silly doSerial finalize 1
117 silly finalize /usr/local/lib/node_modules/postgres
118 silly doSerial build 1
119 silly build postgres@0.0.1
120 info linkStuff postgres@0.0.1
121 silly linkStuff postgres@0.0.1 has /usr/local/lib/node_modules as its parent node_modules
122 silly linkStuff postgres@0.0.1 is part of a global install
123 silly linkStuff postgres@0.0.1 is installed into a global node_modules
124 silly linkStuff postgres@0.0.1 is installed into the top-level global node_modules
125 verbose linkBins postgres@0.0.1
126 verbose linkMans postgres@0.0.1
127 silly doSerial global-link 0
128 silly doParallel update-linked 0
129 silly doSerial install 1
130 silly install postgres@0.0.1 /usr/local/lib/node_modules/.staging/postgres-f8e30b12
131 info lifecycle postgres@0.0.1~install: postgres@0.0.1
132 verbose lifecycle postgres@0.0.1~install: unsafe-perm in lifecycle true
133 verbose lifecycle postgres@0.0.1~install: PATH: /usr/local/lib/node_modules/npm/bin/node-gyp-bin:/usr/local/lib/node_modules/postgres/node_modules/.bin:/usr/local/lib/node_modules/.bin:/usr/local/bin:/usr/bin:/bin:/usr/sbin:/sbin
134 verbose lifecycle postgres@0.0.1~install: CWD: /usr/local/lib/node_modules/postgres
135 silly lifecycle postgres@0.0.1~install: Args: [ '-c', 'node-waf configure build' ]
136 info lifecycle postgres@0.0.1~install: Failed to exec install script
137 verbose unlock done using /Users/rosehip/.npm/_locks/staging-3a08f0df5026584d.lock for /usr/local/lib/node_modules/.staging
138 silly rollbackFailedOptional Starting
139 silly rollbackFailedOptional Finishing
140 silly runTopLevelLifecycles Finishing
141 silly install printInstalled
142 verbose stack Error: postgres@0.0.1 install: `node-waf configure build`
142 verbose stack spawn ENOENT
142 verbose stack     at ChildProcess.<anonymous> (/usr/local/lib/node_modules/npm/lib/utils/spawn.js:33:16)
142 verbose stack     at emitTwo (events.js:106:13)
142 verbose stack     at ChildProcess.emit (events.js:191:7)
142 verbose stack     at maybeClose (internal/child_process.js:885:16)
142 verbose stack     at Process.ChildProcess._handle.onexit (internal/child_process.js:226:5)
143 verbose pkgid postgres@0.0.1
144 verbose cwd /Users/rosehip/projects/learners-guild/short_wallaby/routes
145 error Darwin 15.6.0
146 error argv "/usr/local/bin/node" "/usr/local/bin/npm" "i" "postgres" "-g"
147 error node v7.2.1
148 error npm  v3.10.10
149 error file sh
150 error code ELIFECYCLE
151 error errno ENOENT
152 error syscall spawn
153 error postgres@0.0.1 install: `node-waf configure build`
153 error spawn ENOENT
154 error Failed at the postgres@0.0.1 install script 'node-waf configure build'.
154 error Make sure you have the latest version of node.js and npm installed.
154 error If you do, this is most likely a problem with the postgres package,
154 error not with npm itself.
154 error Tell the author that this fails on your system:
154 error     node-waf configure build
154 error You can get information on how to open an issue for this project with:
154 error     npm bugs postgres
154 error Or if that isn't available, you can get their info via:
154 error     npm owner ls postgres
154 error There is likely additional logging output above.
155 verbose exit [ 1, true ]
